0 info it worked if it ends with ok
1 verbose cli [ 'node',
1 verbose cli   '/usr/local/bin/npm',
1 verbose cli   'i',
1 verbose cli   'twit',
1 verbose cli   'bodyparser',
1 verbose cli   'express',
1 verbose cli   '-S' ]
2 info using npm@1.4.28
3 info using node@v0.10.32
4 warn package.json babyfootTwit@1.0.0 No description
5 warn package.json babyfootTwit@1.0.0 No repository field.
6 warn package.json babyfootTwit@1.0.0 No README data
7 verbose readDependencies using package.json deps
8 verbose cache add [ 'twit', null ]
9 verbose cache add name=undefined spec="twit" args=["twit",null]
10 verbose parsed url { protocol: null,
10 verbose parsed url   slashes: null,
10 verbose parsed url   auth: null,
10 verbose parsed url   host: null,
10 verbose parsed url   port: null,
10 verbose parsed url   hostname: null,
10 verbose parsed url   hash: null,
10 verbose parsed url   search: null,
10 verbose parsed url   query: null,
10 verbose parsed url   pathname: 'twit',
10 verbose parsed url   path: 'twit',
10 verbose parsed url   href: 'twit' }
11 verbose cache add [ 'bodyparser', null ]
12 verbose cache add name=undefined spec="bodyparser" args=["bodyparser",null]
13 verbose parsed url { protocol: null,
13 verbose parsed url   slashes: null,
13 verbose parsed url   auth: null,
13 verbose parsed url   host: null,
13 verbose parsed url   port: null,
13 verbose parsed url   hostname: null,
13 verbose parsed url   hash: null,
13 verbose parsed url   search: null,
13 verbose parsed url   query: null,
13 verbose parsed url   pathname: 'bodyparser',
13 verbose parsed url   path: 'bodyparser',
13 verbose parsed url   href: 'bodyparser' }
14 verbose cache add [ 'express', null ]
15 verbose cache add name=undefined spec="express" args=["express",null]
16 verbose parsed url { protocol: null,
16 verbose parsed url   slashes: null,
16 verbose parsed url   auth: null,
16 verbose parsed url   host: null,
16 verbose parsed url   port: null,
16 verbose parsed url   hostname: null,
16 verbose parsed url   hash: null,
16 verbose parsed url   search: null,
16 verbose parsed url   query: null,
16 verbose parsed url   pathname: 'express',
16 verbose parsed url   path: 'express',
16 verbose parsed url   href: 'express' }
17 silly lockFile 2fa2c8f5-twit twit
18 verbose lock twit /Users/tournevis/.npm/2fa2c8f5-twit.lock
19 silly lockFile 981361c8-bodyparser bodyparser
20 verbose lock bodyparser /Users/tournevis/.npm/981361c8-bodyparser.lock
21 silly lockFile f3c62de4-express express
22 verbose lock express /Users/tournevis/.npm/f3c62de4-express.lock
23 silly lockFile 2fa2c8f5-twit twit
24 silly lockFile 2fa2c8f5-twit twit
25 silly lockFile 981361c8-bodyparser bodyparser
26 silly lockFile 981361c8-bodyparser bodyparser
27 silly lockFile f3c62de4-express express
28 silly lockFile f3c62de4-express express
29 verbose addNamed [ 'twit', '' ]
30 verbose addNamed [ null, '*' ]
31 silly lockFile 4b2d2da5-twit twit@
32 verbose lock twit@ /Users/tournevis/.npm/4b2d2da5-twit.lock
33 verbose addNamed [ 'bodyparser', '' ]
34 verbose addNamed [ null, '*' ]
35 silly lockFile 6c35f799-bodyparser bodyparser@
36 verbose lock bodyparser@ /Users/tournevis/.npm/6c35f799-bodyparser.lock
37 verbose addNamed [ 'express', '' ]
38 verbose addNamed [ null, '*' ]
39 silly lockFile 64a534c1-express express@
40 verbose lock express@ /Users/tournevis/.npm/64a534c1-express.lock
41 silly addNameRange { name: 'twit', range: '*', hasData: false }
42 silly addNameRange { name: 'express', range: '*', hasData: false }
43 verbose request where is /twit
44 verbose request registry https://registry.npmjs.org/
45 verbose request id fa64a39e10a2a22e
46 verbose url raw /twit
47 verbose url resolving [ 'https://registry.npmjs.org/', './twit' ]
48 verbose url resolved https://registry.npmjs.org/twit
49 verbose request where is https://registry.npmjs.org/twit
50 info trying registry request attempt 1 at 00:22:05
51 verbose etag "2E966O5PG84D01KN7G7LERZNH"
52 http GET https://registry.npmjs.org/twit
53 verbose registry.get https://registry.npmjs.org/express not expired, no request
54 silly addNameRange number 2 { name: 'express', range: '*', hasData: true }
55 silly addNameRange versions [ 'express',
55 silly addNameRange   [ '0.14.0',
55 silly addNameRange     '0.14.1',
55 silly addNameRange     '1.0.0',
55 silly addNameRange     '1.0.1',
55 silly addNameRange     '1.0.2',
55 silly addNameRange     '1.0.3',
55 silly addNameRange     '1.0.4',
55 silly addNameRange     '1.0.5',
55 silly addNameRange     '1.0.6',
55 silly addNameRange     '1.0.7',
55 silly addNameRange     '1.0.8',
55 silly addNameRange     '2.0.0',
55 silly addNameRange     '2.1.0',
55 silly addNameRange     '2.1.1',
55 silly addNameRange     '2.2.0',
55 silly addNameRange     '2.2.1',
55 silly addNameRange     '2.2.2',
55 silly addNameRange     '2.3.0',
55 silly addNameRange     '2.3.1',
55 silly addNameRange     '2.3.2',
55 silly addNameRange     '2.3.3',
55 silly addNameRange     '2.3.4',
55 silly addNameRange     '2.3.5',
55 silly addNameRange     '2.3.6',
55 silly addNameRange     '2.3.7',
55 silly addNameRange     '2.3.8',
55 silly addNameRange     '2.3.9',
55 silly addNameRange     '2.3.10',
55 silly addNameRange     '2.3.11',
55 silly addNameRange     '2.3.12',
55 silly addNameRange     '2.4.0',
55 silly addNameRange     '2.4.1',
55 silly addNameRange     '2.4.2',
55 silly addNameRange     '2.4.3',
55 silly addNameRange     '2.4.4',
55 silly addNameRange     '2.4.5',
55 silly addNameRange     '2.4.6',
55 silly addNameRange     '2.4.7',
55 silly addNameRange     '2.5.0',
55 silly addNameRange     '2.5.1',
55 silly addNameRange     '2.5.2',
55 silly addNameRange     '2.5.3',
55 silly addNameRange     '2.5.4',
55 silly addNameRange     '2.5.5',
55 silly addNameRange     '2.5.6',
55 silly addNameRange     '2.5.7',
55 silly addNameRange     '2.5.8',
55 silly addNameRange     '2.5.9',
55 silly addNameRange     '2.5.10',
55 silly addNameRange     '2.5.11',
55 silly addNameRange     '3.0.0',
55 silly addNameRange     '3.0.1',
55 silly addNameRange     '3.0.2',
55 silly addNameRange     '3.0.3',
55 silly addNameRange     '3.0.4',
55 silly addNameRange     '3.0.5',
55 silly addNameRange     '3.0.6',
55 silly addNameRange     '3.1.0',
55 silly addNameRange     '3.1.1',
55 silly addNameRange     '3.1.2',
55 silly addNameRange     '3.2.0',
55 silly addNameRange     '3.2.1',
55 silly addNameRange     '3.2.2',
55 silly addNameRange     '3.2.3',
55 silly addNameRange     '3.2.4',
55 silly addNameRange     '3.2.5',
55 silly addNameRange     '3.2.6',
55 silly addNameRange     '3.3.0',
55 silly addNameRange     '3.3.1',
55 silly addNameRange     '3.3.2',
55 silly addNameRange     '3.3.3',
55 silly addNameRange     '3.3.4',
55 silly addNameRange     '3.3.5',
55 silly addNameRange     '3.3.6',
55 silly addNameRange     '1.0.0-beta',
55 silly addNameRange     '1.0.0-beta2',
55 silly addNameRange     '1.0.0-rc',
55 silly addNameRange     '1.0.0-rc2',
55 silly addNameRange     '1.0.0-rc3',
55 silly addNameRange     '1.0.0-rc4',
55 silly addNameRange     '2.0.0-beta',
55 silly addNameRange     '2.0.0-beta2',
55 silly addNameRange     '2.0.0-beta3',
55 silly addNameRange     '2.0.0-rc',
55 silly addNameRange     '2.0.0-rc2',
55 silly addNameRange     '2.0.0-rc3',
55 silly addNameRange     '3.0.0-alpha1',
55 silly addNameRange     '3.0.0-alpha2',
55 silly addNameRange     '3.0.0-alpha3',
55 silly addNameRange     '3.0.0-alpha4',
55 silly addNameRange     '3.0.0-alpha5',
55 silly addNameRange     '3.0.0-beta1',
55 silly addNameRange     '3.0.0-beta2',
55 silly addNameRange     '3.0.0-beta3',
55 silly addNameRange     '3.0.0-beta4',
55 silly addNameRange     '3.0.0-beta6',
55 silly addNameRange     '3.0.0-beta7',
55 silly addNameRange     '3.0.0-rc1',
55 silly addNameRange     '3.0.0-rc2',
55 silly addNameRange     '3.0.0-rc3',
55 silly addNameRange     '3.0.0-rc4',
55 silly addNameRange     '3.0.0-rc5',
55 silly addNameRange     '3.3.7',
55 silly addNameRange     '3.3.8',
55 silly addNameRange     '3.4.0',
55 silly addNameRange     '3.4.1',
55 silly addNameRange     '3.4.2',
55 silly addNameRange     '3.4.3',
55 silly addNameRange     '3.4.4',
55 silly addNameRange     '3.4.5',
55 silly addNameRange     '3.4.6',
55 silly addNameRange     '3.4.7',
55 silly addNameRange     '3.4.8',
55 silly addNameRange     '4.0.0-rc1',
55 silly addNameRange     '4.0.0-rc2',
55 silly addNameRange     '3.5.0',
55 silly addNameRange     '4.0.0-rc3',
55 silly addNameRange     '4.0.0-rc4',
55 silly addNameRange     '3.5.1',
55 silly addNameRange     '4.0.0',
55 silly addNameRange     '3.5.2',
55 silly addNameRange     '4.1.0',
55 silly addNameRange     '4.1.1',
55 silly addNameRange     '3.5.3',
55 silly addNameRange     '4.1.2',
55 silly addNameRange     '3.6.0',
55 silly addNameRange     '4.2.0',
55 silly addNameRange     '3.7.0',
55 silly addNameRange     '3.8.0',
55 silly addNameRange     '4.3.0',
55 silly addNameRange     '4.3.1',
55 silly addNameRange     '3.8.1',
55 silly addNameRange     '4.3.2',
55 silly addNameRange     '3.9.0',
55 silly addNameRange     '4.4.0',
55 silly addNameRange     '4.4.1',
55 silly addNameRange     '3.10.0',
55 silly addNameRange     '3.10.1',
55 silly addNameRange     '3.10.2',
55 silly addNameRange     '3.10.3',
55 silly addNameRange     '3.10.4',
55 silly addNameRange     '4.4.2',
55 silly addNameRange     '3.10.5',
55 silly addNameRange     '4.4.3',
55 silly addNameRange     '3.11.0',
55 silly addNameRange     '4.4.4',
55 silly addNameRange     '3.12.0',
55 silly addNameRange     '3.12.1',
55 silly addNameRange     '4.4.5',
55 silly addNameRange     '3.13.0',
55 silly addNameRange     '4.5.0',
55 silly addNameRange     '4.5.1',
55 silly addNameRange     '3.14.0',
55 silly addNameRange     '4.6.0',
55 silly addNameRange     '4.6.1',
55 silly addNameRange     '3.15.0',
55 silly addNameRange     '4.7.0',
55 silly addNameRange     '3.15.1',
55 silly addNameRange     '4.7.1',
55 silly addNameRange     '3.15.2',
55 silly addNameRange     '4.7.2',
55 silly addNameRange     '4.7.3',
55 silly addNameRange     '3.15.3',
55 silly addNameRange     '4.7.4',
55 silly addNameRange     '3.16.0',
55 silly addNameRange     '4.8.0',
55 silly addNameRange     '3.16.1',
55 silly addNameRange     '4.8.1',
55 silly addNameRange     '3.16.2',
55 silly addNameRange     '4.8.2',
55 silly addNameRange     '3.16.3',
55 silly addNameRange     '3.16.4',
55 silly addNameRange     '4.8.3',
55 silly addNameRange     '3.16.5',
55 silly addNameRange     '3.16.6',
55 silly addNameRange     '4.8.4',
55 silly addNameRange     '3.16.7',
55 silly addNameRange     '4.8.5',
55 silly addNameRange     '3.16.8',
55 silly addNameRange     '4.8.6',
55 silly addNameRange     '3.16.9',
55 silly addNameRange     '4.8.7',
55 silly addNameRange     '3.16.10',
55 silly addNameRange     '4.8.8',
55 silly addNameRange     '3.17.0',
55 silly addNameRange     '3.17.1',
55 silly addNameRange     '4.9.0',
55 silly addNameRange     '3.17.2',
55 silly addNameRange     '4.9.1',
55 silly addNameRange     '4.9.2',
55 silly addNameRange     '3.17.3',
55 silly addNameRange     '4.9.3',
55 silly addNameRange     '3.17.4',
55 silly addNameRange     '4.9.4',
55 silly addNameRange     '3.17.5',
55 silly addNameRange     '4.9.5',
55 silly addNameRange     '3.17.6',
55 silly addNameRange     '3.17.7',
55 silly addNameRange     '4.9.6',
55 silly addNameRange     '4.9.7',
55 silly addNameRange     '3.17.8',
55 silly addNameRange     '4.9.8',
55 silly addNameRange     '3.18.0',
55 silly addNameRange     '3.18.1',
55 silly addNameRange     '4.10.0',
55 silly addNameRange     '3.18.2',
55 silly addNameRange     '4.10.1',
55 silly addNameRange     '5.0.0-alpha.1',
55 silly addNameRange     '3.18.3',
55 silly addNameRange     '4.10.2',
55 silly addNameRange     '3.18.4',
55 silly addNameRange     '4.10.3',
55 silly addNameRange     '4.10.4',
55 silly addNameRange     '4.10.5',
55 silly addNameRange     '3.18.5',
55 silly addNameRange     '3.18.6',
55 silly addNameRange     '4.10.6',
55 silly addNameRange     '4.10.7',
55 silly addNameRange     '3.19.0',
55 silly addNameRange     '4.10.8',
55 silly addNameRange     '4.11.0',
55 silly addNameRange     '3.19.1',
55 silly addNameRange     '4.11.1',
55 silly addNameRange     '3.19.2',
55 silly addNameRange     '4.11.2',
55 silly addNameRange     '3.20.0',
55 silly addNameRange     '4.12.0',
55 silly addNameRange     '3.20.1',
55 silly addNameRange     '4.12.1',
55 silly addNameRange     '4.12.2',
55 silly addNameRange     '3.20.2',
55 silly addNameRange     '4.12.3',
55 silly addNameRange     '3.20.3',
55 silly addNameRange     '4.12.4',
55 silly addNameRange     '3.21.0',
55 silly addNameRange     '4.13.0',
55 silly addNameRange     '3.21.1',
55 silly addNameRange     '4.13.1',
55 silly addNameRange     '5.0.0-alpha.2',
55 silly addNameRange     '3.21.2',
55 silly addNameRange     '4.13.2',
55 silly addNameRange     '4.13.3',
55 silly addNameRange     '4.13.4' ] ]
56 verbose addNamed [ 'express', '4.13.4' ]
57 verbose addNamed [ '4.13.4', '4.13.4' ]
58 silly lockFile 23607823-express-4-13-4 express@4.13.4
59 verbose lock express@4.13.4 /Users/tournevis/.npm/23607823-express-4-13-4.lock
60 silly lockFile 23607823-express-4-13-4 express@4.13.4
61 silly lockFile 23607823-express-4-13-4 express@4.13.4
62 silly lockFile 64a534c1-express express@
63 silly lockFile 64a534c1-express express@
64 http 304 https://registry.npmjs.org/twit
65 silly registry.get cb [ 304,
65 silly registry.get   { date: 'Mon, 09 May 2016 22:22:05 GMT',
65 silly registry.get     via: '1.1 varnish',
65 silly registry.get     'cache-control': 'max-age=300',
65 silly registry.get     etag: '"2E966O5PG84D01KN7G7LERZNH"',
65 silly registry.get     age: '18',
65 silly registry.get     connection: 'keep-alive',
65 silly registry.get     'x-served-by': 'cache-ams4125-AMS',
65 silly registry.get     'x-cache': 'HIT',
65 silly registry.get     'x-cache-hits': '1',
65 silly registry.get     'x-timer': 'S1462832525.666315,VS0,VE0',
65 silly registry.get     vary: 'Accept-Encoding' } ]
66 verbose etag https://registry.npmjs.org/twit from cache
67 silly addNameRange number 2 { name: 'twit', range: '*', hasData: true }
68 silly addNameRange versions [ 'twit',
68 silly addNameRange   [ '0.1.0',
68 silly addNameRange     '0.1.1',
68 silly addNameRange     '0.1.2',
68 silly addNameRange     '0.1.3',
68 silly addNameRange     '0.1.5',
68 silly addNameRange     '0.1.6',
68 silly addNameRange     '0.1.7',
68 silly addNameRange     '0.1.8',
68 silly addNameRange     '0.2.0',
68 silly addNameRange     '1.0.0',
68 silly addNameRange     '1.0.1',
68 silly addNameRange     '1.0.2',
68 silly addNameRange     '1.0.3',
68 silly addNameRange     '1.0.4',
68 silly addNameRange     '1.0.5',
68 silly addNameRange     '1.0.6',
68 silly addNameRange     '1.0.7',
68 silly addNameRange     '1.0.8',
68 silly addNameRange     '1.0.9',
68 silly addNameRange     '1.0.10',
68 silly addNameRange     '1.0.11',
68 silly addNameRange     '1.0.12',
68 silly addNameRange     '1.1.0',
68 silly addNameRange     '1.1.1',
68 silly addNameRange     '1.1.2',
68 silly addNameRange     '1.1.3',
68 silly addNameRange     '1.1.4',
68 silly addNameRange     '1.1.5',
68 silly addNameRange     '1.1.6',
68 silly addNameRange     '1.1.7',
68 silly addNameRange     '1.1.8',
68 silly addNameRange     '1.1.9',
68 silly addNameRange     '1.1.10',
68 silly addNameRange     '1.1.11',
68 silly addNameRange     '1.1.12',
68 silly addNameRange     '1.1.13',
68 silly addNameRange     '1.1.14',
68 silly addNameRange     '1.1.15',
68 silly addNameRange     '1.1.16',
68 silly addNameRange     '1.1.17',
68 silly addNameRange     '1.1.18',
68 silly addNameRange     '1.1.19',
68 silly addNameRange     '1.1.20',
68 silly addNameRange     '2.0.0',
68 silly addNameRange     '2.0.1',
68 silly addNameRange     '2.1.0',
68 silly addNameRange     '2.1.1',
68 silly addNameRange     '2.1.2',
68 silly addNameRange     '2.1.3',
68 silly addNameRange     '2.1.4',
68 silly addNameRange     '2.1.5',
68 silly addNameRange     '2.1.7',
68 silly addNameRange     '2.2.0',
68 silly addNameRange     '2.2.1',
68 silly addNameRange     '2.2.2',
68 silly addNameRange     '2.2.3',
68 silly addNameRange     '2.2.4' ] ]
69 verbose addNamed [ 'twit', '2.2.4' ]
70 verbose addNamed [ '2.2.4', '2.2.4' ]
71 silly lockFile f66ee228-twit-2-2-4 twit@2.2.4
72 verbose lock twit@2.2.4 /Users/tournevis/.npm/f66ee228-twit-2-2-4.lock
73 silly lockFile f66ee228-twit-2-2-4 twit@2.2.4
74 silly lockFile f66ee228-twit-2-2-4 twit@2.2.4
75 silly lockFile 4b2d2da5-twit twit@
76 silly lockFile 4b2d2da5-twit twit@
77 silly addNameRange { name: 'bodyparser', range: '*', hasData: false }
78 verbose request where is /bodyparser
79 verbose request registry https://registry.npmjs.org/
80 verbose url raw /bodyparser
81 verbose url resolving [ 'https://registry.npmjs.org/', './bodyparser' ]
82 verbose url resolved https://registry.npmjs.org/bodyparser
83 verbose request where is https://registry.npmjs.org/bodyparser
84 info trying registry request attempt 1 at 00:22:57
85 http GET https://registry.npmjs.org/bodyparser
86 http 404 https://registry.npmjs.org/bodyparser
87 silly registry.get cb [ 404,
87 silly registry.get   { 'content-type': 'application/json',
87 silly registry.get     'cache-control': 'max-age=0',
87 silly registry.get     'content-length': '2',
87 silly registry.get     'accept-ranges': 'bytes',
87 silly registry.get     date: 'Mon, 09 May 2016 22:22:57 GMT',
87 silly registry.get     via: '1.1 varnish',
87 silly registry.get     age: '0',
87 silly registry.get     connection: 'keep-alive',
87 silly registry.get     'x-served-by': 'cache-ams4128-AMS',
87 silly registry.get     'x-cache': 'MISS',
87 silly registry.get     'x-cache-hits': '0',
87 silly registry.get     'x-timer': 'S1462832577.231498,VS0,VE727',
87 silly registry.get     vary: 'Accept-Encoding' } ]
88 silly lockFile 6c35f799-bodyparser bodyparser@
89 silly lockFile 6c35f799-bodyparser bodyparser@
90 error 404 Not Found
90 error 404
90 error 404 'bodyparser' is not in the npm registry.
90 error 404 You should bug the author to publish it
90 error 404 It was specified as a dependency of 'babyfootTwit'
90 error 404
90 error 404 Note that you can also install from a
90 error 404 tarball, folder, or http url, or git url.
91 error System Darwin 15.0.0
92 error command "node" "/usr/local/bin/npm" "i" "twit" "bodyparser" "express" "-S"
93 error cwd /Users/tournevis/Desktop/babyfootTwit
94 error node -v v0.10.32
95 error npm -v 1.4.28
96 error code E404
97 verbose exit [ 1, true ]
